[ 2015-06-25T11:49:18+08:00 ] 192.168.0.101 /ThinkPhp/client/css/common/common.css?version=[]
INFO: [ app_init ] --START--
INFO: Run Behavior\BuildLiteBehavior [ RunTime:0.000000s ]
INFO: [ app_init ] --END-- [ RunTime:0.001000s ]
ERR: 无法加载模块:Client

[ 2015-06-25T11:49:27+08:00 ] 192.168.0.101 /ThinkPhp/client/css/common/common.css?version=[]
INFO: [ app_init ] --START--
INFO: Run Behavior\BuildLiteBehavior [ RunTime:0.000000s ]
INFO: [ app_init ] --END-- [ RunTime:0.000000s ]
ERR: 无法加载模块:Client

[ 2015-06-25T12:02:51+08:00 ] 192.168.0.101 /ThinkPhp/111.jpg
INFO: [ app_init ] --START--
INFO: Run Behavior\BuildLiteBehavior [ RunTime:0.000000s ]
INFO: [ app_init ] --END-- [ RunTime:0.001000s ]
ERR: 无法加载模块:111

[ 2015-06-25T12:02:51+08:00 ] 192.168.0.101 /ThinkPhp/AssetManager.js
INFO: [ app_init ] --START--
INFO: Run Behavior\BuildLiteBehavior [ RunTime:0.000000s ]
INFO: [ app_init ] --END-- [ RunTime:0.001000s ]
ERR: 无法加载模块:AssetManager

[ 2015-06-25T12:02:52+08:00 ] 192.168.0.101 /ThinkPhp/AssetManager.js
INFO: [ app_init ] --START--
INFO: Run Behavior\BuildLiteBehavior [ RunTime:0.001000s ]
INFO: [ app_init ] --END-- [ RunTime:0.001000s ]
ERR: 无法加载模块:AssetManager

[ 2015-06-25T12:02:52+08:00 ] 192.168.0.101 /ThinkPhp/111.jpg
INFO: [ app_init ] --START--
INFO: Run Behavior\BuildLiteBehavior [ RunTime:0.001000s ]
INFO: [ app_init ] --END-- [ RunTime:0.004000s ]
ERR: 无法加载模块:111

[ 2015-06-25T12:02:52+08:00 ] 192.168.0.101 /ThinkPhp/AssetManager.js
INFO: [ app_init ] --START--
INFO: Run Behavior\BuildLiteBehavior [ RunTime:0.000000s ]
INFO: [ app_init ] --END-- [ RunTime:0.000000s ]
ERR: 无法加载模块:AssetManager

[ 2015-06-25T12:02:52+08:00 ] 192.168.0.101 /ThinkPhp/111.jpg
INFO: [ app_init ] --START--
INFO: Run Behavior\BuildLiteBehavior [ RunTime:0.000000s ]
INFO: [ app_init ] --END-- [ RunTime:0.001000s ]
ERR: 无法加载模块:111

